2024-06-27 22:04:24.751 | INFO     | __main__:upload_file:46 - Starting upload_file function...
2024-06-27 22:04:24.833 | ERROR    | __main__:upload_file:87 - Failed to upload file: (sqlite3.IntegrityError) NOT NULL constraint failed: uploads.user_id
[SQL: INSERT INTO uploads (uid, filename, upload_time, finish_time, status, error_message, user_id) VALUES (?, ?, ?, ?, ?, ?, ?)]
[parameters: ('e67d2222-4735-49c8-98df-846abfc8095e', 'CS-BottomUpParsing-Lecture03-WithSound.pptx', '2024-06-27 19:04:24.831930', None, 'pending', None, None)]
(Background on this error at: https://sqlalche.me/e/20/gkpj)
2024-06-27 22:04:37.232 | INFO     | __main__:upload_file:46 - Starting upload_file function...
2024-06-27 22:04:37.327 | INFO     | __main__:upload_file:81 - File uploaded successfully.
2024-06-27 22:05:06.472 | INFO     | __main__:upload_file:46 - Starting upload_file function...
2024-06-27 22:05:06.527 | INFO     | __main__:upload_file:81 - File uploaded successfully.
2024-06-27 22:08:37.175 | INFO     | __main__:<module>:141 - Flask app ended.
2024-06-27 22:08:39.684 | INFO     | __main__:<module>:141 - Flask app started.
2024-06-27 22:09:32.564 | INFO     | __main__:upload_file:46 - Starting upload_file function...
2024-06-27 22:09:32.636 | INFO     | __main__:upload_file:83 - File uploaded successfully.
2024-06-27 22:11:10.255 | INFO     | __main__:<module>:143 - Flask app ended.
2024-06-28 11:06:50.597 | INFO     | __main__:<module>:146 - Flask app started.
2024-06-28 11:09:58.291 | INFO     | __main__:<module>:148 - Flask app ended.
2024-06-28 11:10:00.732 | INFO     | __main__:<module>:139 - Flask app started.
2024-06-28 11:11:18.255 | INFO     | __main__:upload_file:47 - Starting upload_file function...
2024-06-28 11:11:18.310 | INFO     | __main__:upload_file:79 - File uploaded successfully.
2024-06-28 11:11:34.116 | INFO     | __main__:upload_file:47 - Starting upload_file function...
2024-06-28 11:11:34.158 | INFO     | __main__:upload_file:79 - File uploaded successfully.
2024-06-28 11:13:04.410 | INFO     | __main__:upload_file:47 - Starting upload_file function...
2024-06-28 11:13:04.443 | INFO     | __main__:upload_file:79 - File uploaded successfully.
2024-06-28 11:15:13.523 | INFO     | __main__:<module>:139 - Flask app started.
2024-06-28 11:17:16.836 | INFO     | __main__:get_status:90 - Starting get_status function...
2024-06-28 11:17:16.846 | INFO     | __main__:get_status:130 - Status retrieved successfully.
2024-06-28 11:17:32.493 | INFO     | __main__:upload_file:47 - Starting upload_file function...
2024-06-28 11:17:32.529 | INFO     | __main__:upload_file:79 - File uploaded successfully.
2024-06-28 11:17:41.093 | INFO     | __main__:upload_file:47 - Starting upload_file function...
2024-06-28 11:17:41.142 | INFO     | __main__:upload_file:79 - File uploaded successfully.
2024-06-28 11:17:55.069 | INFO     | __main__:get_status:90 - Starting get_status function...
2024-06-28 11:17:55.071 | INFO     | __main__:get_status:130 - Status retrieved successfully.
2024-06-28 11:20:16.448 | INFO     | __main__:upload_file:47 - Starting upload_file function...
2024-06-28 11:20:16.498 | INFO     | __main__:upload_file:79 - File uploaded successfully.
2024-06-28 11:24:54.577 | INFO     | __main__:<module>:153 - Flask app started.
2024-06-28 11:25:04.222 | INFO     | __main__:upload_file:54 - Starting upload_file function...
2024-06-28 11:25:04.255 | ERROR    | __main__:upload_file:75 - Invalid email provided: An email address must have an @-sign.
2024-06-28 11:27:40.963 | INFO     | __main__:<module>:198 - Flask app started.
2024-06-28 11:27:55.312 | INFO     | __main__:get_upload_history:153 - Starting get_upload_history function...
2024-06-28 11:27:55.606 | ERROR    | __main__:get_upload_history:194 - Failed to get upload history: is_valid
2024-06-28 11:28:49.258 | INFO     | __main__:<module>:199 - Flask app started.
2024-06-28 11:28:54.396 | INFO     | __main__:get_upload_history:154 - Starting get_upload_history function...
2024-06-28 11:28:54.443 | ERROR    | __main__:get_upload_history:195 - Failed to get upload history: is_valid
2024-06-28 11:30:16.106 | INFO     | __main__:<module>:201 - Flask app started.
2024-06-28 11:30:22.202 | INFO     | __main__:get_upload_history:155 - Starting get_upload_history function...
2024-06-28 11:30:22.250 | ERROR    | __main__:get_upload_history:196 - Failed to get upload history: is_valid
2024-06-28 11:32:21.763 | INFO     | __main__:<module>:193 - Flask app started.
2024-06-28 11:32:27.249 | INFO     | __main__:get_upload_history:155 - Starting get_upload_history function...
2024-06-28 11:32:27.259 | INFO     | __main__:get_upload_history:183 - Upload history retrieved successfully.
2024-06-28 11:33:56.004 | INFO     | __main__:get_upload_history:155 - Starting get_upload_history function...
2024-06-28 11:34:01.351 | INFO     | __main__:get_upload_history:155 - Starting get_upload_history function...
2024-06-28 11:34:24.942 | INFO     | __main__:upload_file:54 - Starting upload_file function...
2024-06-28 11:34:25.040 | ERROR    | __main__:upload_file:97 - Failed to upload file: is_valid
2024-06-28 11:34:45.533 | INFO     | __main__:upload_file:54 - Starting upload_file function...
2024-06-28 11:34:45.572 | ERROR    | __main__:upload_file:97 - Failed to upload file: is_valid
2024-06-28 11:35:38.361 | INFO     | __main__:upload_file:54 - Starting upload_file function...
2024-06-28 11:35:38.401 | ERROR    | __main__:upload_file:97 - Failed to upload file: is_valid
2024-06-28 11:36:40.060 | INFO     | __main__:upload_file:54 - Starting upload_file function...
2024-06-28 11:36:40.104 | ERROR    | __main__:upload_file:97 - Failed to upload file: is_valid
2024-06-28 11:37:45.632 | INFO     | __main__:<module>:151 - Flask app started.
2024-06-28 11:37:52.687 | INFO     | __main__:upload_file:52 - Starting upload_file function...
2024-06-28 11:37:52.782 | ERROR    | __main__:upload_file:95 - Failed to upload file: is_valid
2024-06-28 11:38:29.933 | INFO     | __main__:upload_file:52 - Starting upload_file function...
2024-06-28 11:38:29.983 | ERROR    | __main__:upload_file:95 - Failed to upload file: is_valid
2024-06-28 11:39:39.109 | INFO     | __main__:<module>:139 - Flask app started.
2024-06-28 11:39:44.614 | INFO     | __main__:upload_file:47 - Starting upload_file function...
2024-06-28 11:39:44.662 | INFO     | __main__:upload_file:79 - File uploaded successfully.
2024-06-28 11:41:19.855 | INFO     | __main__:get_status:90 - Starting get_status function...
2024-06-28 11:41:19.860 | INFO     | __main__:get_status:130 - Status retrieved successfully.
2024-06-28 11:41:54.405 | INFO     | __main__:upload_file:47 - Starting upload_file function...
2024-06-28 11:41:54.448 | INFO     | __main__:upload_file:79 - File uploaded successfully.
2024-06-28 11:42:04.757 | INFO     | __main__:upload_file:47 - Starting upload_file function...
2024-06-28 11:42:04.797 | INFO     | __main__:upload_file:79 - File uploaded successfully.
2024-06-28 11:42:14.616 | INFO     | __main__:<module>:151 - Flask app started.
2024-06-28 11:42:20.558 | INFO     | __main__:upload_file:48 - Starting upload_file function...
2024-06-28 11:42:20.600 | ERROR    | __main__:upload_file:72 - Invalid email provided: An email address must have an @-sign.
2024-06-28 11:42:29.858 | INFO     | __main__:upload_file:48 - Starting upload_file function...
2024-06-28 11:42:29.946 | INFO     | __main__:upload_file:90 - File uploaded successfully.
2024-06-28 11:45:15.864 | INFO     | __main__:<module>:195 - Flask app started.
2024-06-28 11:45:34.573 | INFO     | __main__:get_status:146 - Starting get_status function...
2024-06-28 11:46:13.328 | INFO     | __main__:get_history:47 - Starting get_history function...
2024-06-28 11:46:13.331 | INFO     | __main__:get_history:82 - History retrieved successfully.
2024-06-28 11:47:00.663 | INFO     | __main__:get_status:146 - Starting get_status function...
2024-06-28 11:47:00.665 | INFO     | __main__:get_status:186 - Status retrieved successfully.
